2025-09-27 21:48:22,713 - INFO - __main__ 30 - Iniciando programa de optimización con log fechado
2025-09-27 21:48:22,713 - INFO - __main__ 35 - Configuración cargada desde YAML
2025-09-27 21:48:22,714 - INFO - __main__ 36 - STUDY_NAME: prueba_competencia01
2025-09-27 21:48:22,714 - INFO - __main__ 37 - DATA_PATH: C:\Users\Guada\Desktop\babycode\Data\competencia_01_crudo.csv
2025-09-27 21:48:22,714 - INFO - __main__ 38 - SEMILLAS: [111119, 111121, 599999, 666667, 888887]
2025-09-27 21:48:22,714 - INFO - __main__ 39 - MES_TRAIN: 202102
2025-09-27 21:48:22,715 - INFO - __main__ 40 - MES_VALIDACION: 202103
2025-09-27 21:48:22,715 - INFO - __main__ 41 - MES_TEST: 202104
2025-09-27 21:48:22,715 - INFO - __main__ 42 - GANANCIA_ACIERTO: 780000
2025-09-27 21:48:22,715 - INFO - __main__ 43 - COSTO_ESTIMULO: 20000
2025-09-27 21:48:22,716 - INFO - __main__ 48 - Inicio de ejecucion.
2025-09-27 21:48:22,716 - INFO - src.loader 47 - Definiendo variable target
2025-09-27 21:48:29,578 - INFO - src.loader 133 - Clase ternaria creada:
2025-09-27 21:48:29,578 - INFO - src.loader 134 - CONTINUA: 969920, BAJA+1: 4581, BAJA+2: 3938. Total de bajas: 8519 
2025-09-27 21:48:32,281 - INFO - src.loader 211 - Conversión completada (SQL DuckDB):
2025-09-27 21:48:32,282 - INFO - src.loader 212 -   Binario - 0: 969920, 1: 8519
2025-09-27 21:48:32,282 - INFO - src.loader 213 -   Distribución: 0.87% casos positivos
2025-09-27 21:48:32,853 - INFO - __name__ 136 - Realizando feature engineering con 3 lags para 5 atributos
2025-09-27 21:48:32,860 - WARNING - __name__ 151 - El atributo mcuentas_saldo_descubierto no existe en el DataFrame
2025-09-27 21:48:32,860 - WARNING - __name__ 151 - El atributo mcaja_ahorro_saldo no existe en el DataFrame
2025-09-27 21:48:38,710 - INFO - __name__ 166 - Feature engineering completado. DataFrame resultante con 164 columnas
2025-09-27 21:48:38,801 - INFO - src.optimization 171 - Iniciando optimización con 100 trials
2025-09-27 21:48:38,801 - INFO - src.optimization 172 - Configuración: TRAIN=202102, VALID=202103, SEMILLA=[111119, 111121, 599999, 666667, 888887]
