2025-09-27 21:01:10,400 - INFO - __main__ 32 - Iniciando programa de optimización con log fechado
2025-09-27 21:01:10,401 - INFO - __main__ 37 - Configuración cargada desde YAML
2025-09-27 21:01:10,401 - INFO - __main__ 38 - STUDY_NAME: prueba_competencia01
2025-09-27 21:01:10,401 - INFO - __main__ 39 - DATA_PATH: C:\Users\Guada\Desktop\babycode\Data\competencia_01_crudo.csv
2025-09-27 21:01:10,402 - INFO - __main__ 40 - SEMILLAS: [42]
2025-09-27 21:01:10,402 - INFO - __main__ 41 - MES_TRAIN: 202102
2025-09-27 21:01:10,402 - INFO - __main__ 42 - MES_VALIDACION: 202103
2025-09-27 21:01:10,402 - INFO - __main__ 43 - MES_TEST: 202104
2025-09-27 21:01:10,403 - INFO - __main__ 44 - GANANCIA_ACIERTO: 780000
2025-09-27 21:01:10,403 - INFO - __main__ 45 - COSTO_ESTIMULO: 20000
2025-09-27 21:01:10,403 - INFO - __main__ 52 - Inicio de ejecucion.
2025-09-27 21:01:10,403 - INFO - src.loader 45 - Definiendo variable target
2025-09-27 21:01:14,371 - INFO - root 108 - Resumen de clases por mes:
2025-09-27 21:01:17,550 - INFO - src.loader 165 - Conversión completada:
2025-09-27 21:01:17,550 - INFO - src.loader 166 -   Original - CONTINUA: 969920, BAJA+1: 4581, BAJA+2: 3938
2025-09-27 21:01:17,550 - INFO - src.loader 167 -   Binario - 0: 969920, 1: 8519
2025-09-27 21:01:17,551 - INFO - src.loader 168 -   Distribución: 0.87% casos positivos
2025-09-27 21:01:17,682 - INFO - __name__ 136 - Realizando feature engineering con 3 lags para 5 atributos
2025-09-27 21:01:17,682 - WARNING - __name__ 151 - El atributo mcuentas_saldo_descubierto no existe en el DataFrame
2025-09-27 21:01:17,683 - WARNING - __name__ 151 - El atributo mcaja_ahorro_saldo no existe en el DataFrame
2025-09-27 21:01:23,852 - INFO - __name__ 166 - Feature engineering completado. DataFrame resultante con 164 columnas
2025-09-27 21:01:24,446 - INFO - src.loader 165 - Conversión completada:
2025-09-27 21:01:24,446 - INFO - src.loader 166 -   Original - CONTINUA: 0, BAJA+1: 0, BAJA+2: 0
2025-09-27 21:01:24,446 - INFO - src.loader 167 -   Binario - 0: 0, 1: 0
2025-09-27 21:01:24,447 - INFO - src.loader 168 -   Distribución: nan% casos positivos
